1621277701544	geckodriver	INFO	Listening on 127.0.0.1:54872
1621277704610	mozrunner::runner	INFO	Running command: "C:\\Program Files\\Mozilla Firefox\\firefox.exe" "--marionette" "-foreground" "-no-remote" "-profile" "C:\\Users\\cleme\\AppData\\Local\\Temp\\rust_mozprofileeFDHxg"
1621277705017	Marionette	INFO	Marionette enabled
console.warn: SearchSettings: "get: No settings file exists, new profile?" (new Error("", "(unknown module)"))
1621277707753	Marionette	INFO	Listening on port 54881
1621277707793	Marionette	WARN	TLS certificate errors will be ignored for this session
JavaScript error: https://www.chess.com/bundles/app/js/puzzles.client.9e329a09.js, line 2: NavigationDuplicated: Avoided redundant navigation to current location: "/rush".
1621277761362	Marionette	INFO	Stopped listening on port 54881

###!!! [Child][RunMessage] Error: Channel closing: too late to send/recv, messages will be lost

1621277836342	geckodriver	INFO	Listening on 127.0.0.1:55114
1621277839365	mozrunner::runner	INFO	Running command: "C:\\Program Files\\Mozilla Firefox\\firefox.exe" "--marionette" "-foreground" "-no-remote" "-profile" "C:\\Users\\cleme\\AppData\\Local\\Temp\\rust_mozprofileSxkjT3"
1621277839747	Marionette	INFO	Marionette enabled
console.warn: SearchSettings: "get: No settings file exists, new profile?" (new Error("", "(unknown module)"))
1621277842306	Marionette	INFO	Listening on port 55123
1621277842538	Marionette	WARN	TLS certificate errors will be ignored for this session
JavaScript error: https://www.chess.com/bundles/app/js/puzzles.client.9e329a09.js, line 2: NavigationDuplicated: Avoided redundant navigation to current location: "/rush".
Handler function threw an exception: [Exception... "Component returned failure code: 0x80040111 (NS_ERROR_NOT_AVAILABLE) [nsIHttpChannelInternal.remoteAddress]"  nsresult: "0x80040111 (NS_ERROR_NOT_AVAILABLE)"  location: "JS frame :: resource://devtools/server/actors/network-monitor/network-observer.js :: _onResponseHeader :: line 1188"  data: no]
Stack: _onResponseHeader@resource://devtools/server/actors/network-monitor/network-observer.js:1188:5
_dispatchActivity@resource://devtools/server/actors/network-monitor/network-observer.js:631:14
NetworkObserver.prototype.observeActivity<@resource://devtools/server/actors/network-monitor/network-observer.js:740:12
exports.makeInfallible/<@resource://devtools/shared/ThreadSafeDevToolsUtils.js:103:22
Line: 1188, column: 0
console.error: ({})
Handler function threw an exception: TypeError: undefined has no properties
Stack: _getWaitTiming@resource://devtools/server/actors/network-monitor/network-observer.js:1287:1
_setupHarTimings@resource://devtools/server/actors/network-monitor/network-observer.js:1512:28
_onTransactionClose@resource://devtools/server/actors/network-monitor/network-observer.js:1235:27
_dispatchActivity@resource://devtools/server/actors/network-monitor/network-observer.js:634:14
NetworkObserver.prototype.observeActivity<@resource://devtools/server/actors/network-monitor/network-observer.js:740:12
exports.makeInfallible/<@resource://devtools/shared/ThreadSafeDevToolsUtils.js:103:22
Line: 1287, column: 1
console.error: (new TypeError("undefined has no properties", "resource://devtools/server/actors/network-monitor/network-observer.js", 1287))
Handler function threw an exception: [Exception... "Component returned failure code: 0x80040111 (NS_ERROR_NOT_AVAILABLE) [nsIHttpChannelInternal.remoteAddress]"  nsresult: "0x80040111 (NS_ERROR_NOT_AVAILABLE)"  location: "JS frame :: resource://devtools/server/actors/network-monitor/network-observer.js :: _onResponseHeader :: line 1188"  data: no]
Stack: _onResponseHeader@resource://devtools/server/actors/network-monitor/network-observer.js:1188:5
_dispatchActivity@resource://devtools/server/actors/network-monitor/network-observer.js:631:14
NetworkObserver.prototype.observeActivity<@resource://devtools/server/actors/network-monitor/network-observer.js:740:12
exports.makeInfallible/<@resource://devtools/shared/ThreadSafeDevToolsUtils.js:103:22
Line: 1188, column: 0
console.error: ({})
Handler function threw an exception: TypeError: undefined has no properties
Stack: _getWaitTiming@resource://devtools/server/actors/network-monitor/network-observer.js:1287:1
_setupHarTimings@resource://devtools/server/actors/network-monitor/network-observer.js:1512:28
_onTransactionClose@resource://devtools/server/actors/network-monitor/network-observer.js:1235:27
_dispatchActivity@resource://devtools/server/actors/network-monitor/network-observer.js:634:14
NetworkObserver.prototype.observeActivity<@resource://devtools/server/actors/network-monitor/network-observer.js:740:12
exports.makeInfallible/<@resource://devtools/shared/ThreadSafeDevToolsUtils.js:103:22
Line: 1287, column: 1
console.error: (new TypeError("undefined has no properties", "resource://devtools/server/actors/network-monitor/network-observer.js", 1287))
Handler function threw an exception: [Exception... "Component returned failure code: 0x80040111 (NS_ERROR_NOT_AVAILABLE) [nsIHttpChannelInternal.remoteAddress]"  nsresult: "0x80040111 (NS_ERROR_NOT_AVAILABLE)"  location: "JS frame :: resource://devtools/server/actors/network-monitor/network-observer.js :: _onResponseHeader :: line 1188"  data: no]
Stack: _onResponseHeader@resource://devtools/server/actors/network-monitor/network-observer.js:1188:5
_dispatchActivity@resource://devtools/server/actors/network-monitor/network-observer.js:631:14
NetworkObserver.prototype.observeActivity<@resource://devtools/server/actors/network-monitor/network-observer.js:740:12
exports.makeInfallible/<@resource://devtools/shared/ThreadSafeDevToolsUtils.js:103:22
Line: 1188, column: 0
console.error: ({})
Handler function threw an exception: TypeError: undefined has no properties
Stack: _getWaitTiming@resource://devtools/server/actors/network-monitor/network-observer.js:1287:1
_setupHarTimings@resource://devtools/server/actors/network-monitor/network-observer.js:1512:28
_onTransactionClose@resource://devtools/server/actors/network-monitor/network-observer.js:1235:27
_dispatchActivity@resource://devtools/server/actors/network-monitor/network-observer.js:634:14
NetworkObserver.prototype.observeActivity<@resource://devtools/server/actors/network-monitor/network-observer.js:740:12
exports.makeInfallible/<@resource://devtools/shared/ThreadSafeDevToolsUtils.js:103:22
Line: 1287, column: 1
console.error: (new TypeError("undefined has no properties", "resource://devtools/server/actors/network-monitor/network-observer.js", 1287))
Handler function threw an exception: [Exception... "Component returned failure code: 0x80040111 (NS_ERROR_NOT_AVAILABLE) [nsIHttpChannelInternal.remoteAddress]"  nsresult: "0x80040111 (NS_ERROR_NOT_AVAILABLE)"  location: "JS frame :: resource://devtools/server/actors/network-monitor/network-observer.js :: _onResponseHeader :: line 1188"  data: no]
Stack: _onResponseHeader@resource://devtools/server/actors/network-monitor/network-observer.js:1188:5
_dispatchActivity@resource://devtools/server/actors/network-monitor/network-observer.js:631:14
NetworkObserver.prototype.observeActivity<@resource://devtools/server/actors/network-monitor/network-observer.js:740:12
exports.makeInfallible/<@resource://devtools/shared/ThreadSafeDevToolsUtils.js:103:22
Line: 1188, column: 0
console.error: ({})
Handler function threw an exception: TypeError: undefined has no properties
Stack: _getWaitTiming@resource://devtools/server/actors/network-monitor/network-observer.js:1287:1
_setupHarTimings@resource://devtools/server/actors/network-monitor/network-observer.js:1512:28
_onTransactionClose@resource://devtools/server/actors/network-monitor/network-observer.js:1235:27
_dispatchActivity@resource://devtools/server/actors/network-monitor/network-observer.js:634:14
NetworkObserver.prototype.observeActivity<@resource://devtools/server/actors/network-monitor/network-observer.js:740:12
exports.makeInfallible/<@resource://devtools/shared/ThreadSafeDevToolsUtils.js:103:22
Line: 1287, column: 1
console.error: (new TypeError("undefined has no properties", "resource://devtools/server/actors/network-monitor/network-observer.js", 1287))
Handler function threw an exception: [Exception... "Component returned failure code: 0x80040111 (NS_ERROR_NOT_AVAILABLE) [nsIHttpChannelInternal.remoteAddress]"  nsresult: "0x80040111 (NS_ERROR_NOT_AVAILABLE)"  location: "JS frame :: resource://devtools/server/actors/network-monitor/network-observer.js :: _onResponseHeader :: line 1188"  data: no]
Stack: _onResponseHeader@resource://devtools/server/actors/network-monitor/network-observer.js:1188:5
_dispatchActivity@resource://devtools/server/actors/network-monitor/network-observer.js:631:14
NetworkObserver.prototype.observeActivity<@resource://devtools/server/actors/network-monitor/network-observer.js:740:12
exports.makeInfallible/<@resource://devtools/shared/ThreadSafeDevToolsUtils.js:103:22
Line: 1188, column: 0
console.error: ({})
Handler function threw an exception: TypeError: undefined has no properties
Stack: _getWaitTiming@resource://devtools/server/actors/network-monitor/network-observer.js:1287:1
_setupHarTimings@resource://devtools/server/actors/network-monitor/network-observer.js:1512:28
_onTransactionClose@resource://devtools/server/actors/network-monitor/network-observer.js:1235:27
_dispatchActivity@resource://devtools/server/actors/network-monitor/network-observer.js:634:14
NetworkObserver.prototype.observeActivity<@resource://devtools/server/actors/network-monitor/network-observer.js:740:12
exports.makeInfallible/<@resource://devtools/shared/ThreadSafeDevToolsUtils.js:103:22
Line: 1287, column: 1
console.error: (new TypeError("undefined has no properties", "resource://devtools/server/actors/network-monitor/network-observer.js", 1287))
Handler function threw an exception: [Exception... "Component returned failure code: 0x80040111 (NS_ERROR_NOT_AVAILABLE) [nsIHttpChannelInternal.remoteAddress]"  nsresult: "0x80040111 (NS_ERROR_NOT_AVAILABLE)"  location: "JS frame :: resource://devtools/server/actors/network-monitor/network-observer.js :: _onResponseHeader :: line 1188"  data: no]
Stack: _onResponseHeader@resource://devtools/server/actors/network-monitor/network-observer.js:1188:5
_dispatchActivity@resource://devtools/server/actors/network-monitor/network-observer.js:631:14
NetworkObserver.prototype.observeActivity<@resource://devtools/server/actors/network-monitor/network-observer.js:740:12
exports.makeInfallible/<@resource://devtools/shared/ThreadSafeDevToolsUtils.js:103:22
Line: 1188, column: 0
console.error: ({})
Handler function threw an exception: TypeError: undefined has no properties
Stack: _getWaitTiming@resource://devtools/server/actors/network-monitor/network-observer.js:1287:1
_setupHarTimings@resource://devtools/server/actors/network-monitor/network-observer.js:1512:28
_onTransactionClose@resource://devtools/server/actors/network-monitor/network-observer.js:1235:27
_dispatchActivity@resource://devtools/server/actors/network-monitor/network-observer.js:634:14
NetworkObserver.prototype.observeActivity<@resource://devtools/server/actors/network-monitor/network-observer.js:740:12
exports.makeInfallible/<@resource://devtools/shared/ThreadSafeDevToolsUtils.js:103:22
Line: 1287, column: 1
console.error: (new TypeError("undefined has no properties", "resource://devtools/server/actors/network-monitor/network-observer.js", 1287))
Handler function threw an exception: [Exception... "Component returned failure code: 0x80040111 (NS_ERROR_NOT_AVAILABLE) [nsIHttpChannelInternal.remoteAddress]"  nsresult: "0x80040111 (NS_ERROR_NOT_AVAILABLE)"  location: "JS frame :: resource://devtools/server/actors/network-monitor/network-observer.js :: _onResponseHeader :: line 1188"  data: no]
Stack: _onResponseHeader@resource://devtools/server/actors/network-monitor/network-observer.js:1188:5
_dispatchActivity@resource://devtools/server/actors/network-monitor/network-observer.js:631:14
NetworkObserver.prototype.observeActivity<@resource://devtools/server/actors/network-monitor/network-observer.js:740:12
exports.makeInfallible/<@resource://devtools/shared/ThreadSafeDevToolsUtils.js:103:22
Line: 1188, column: 0
console.error: ({})
Handler function threw an exception: TypeError: undefined has no properties
Stack: _getWaitTiming@resource://devtools/server/actors/network-monitor/network-observer.js:1287:1
_setupHarTimings@resource://devtools/server/actors/network-monitor/network-observer.js:1512:28
_onTransactionClose@resource://devtools/server/actors/network-monitor/network-observer.js:1235:27
_dispatchActivity@resource://devtools/server/actors/network-monitor/network-observer.js:634:14
NetworkObserver.prototype.observeActivity<@resource://devtools/server/actors/network-monitor/network-observer.js:740:12
exports.makeInfallible/<@resource://devtools/shared/ThreadSafeDevToolsUtils.js:103:22
Line: 1287, column: 1
console.error: (new TypeError("undefined has no properties", "resource://devtools/server/actors/network-monitor/network-observer.js", 1287))
Handler function threw an exception: [Exception... "Component returned failure code: 0x80040111 (NS_ERROR_NOT_AVAILABLE) [nsIHttpChannelInternal.remoteAddress]"  nsresult: "0x80040111 (NS_ERROR_NOT_AVAILABLE)"  location: "JS frame :: resource://devtools/server/actors/network-monitor/network-observer.js :: _onResponseHeader :: line 1188"  data: no]
Stack: _onResponseHeader@resource://devtools/server/actors/network-monitor/network-observer.js:1188:5
_dispatchActivity@resource://devtools/server/actors/network-monitor/network-observer.js:631:14
NetworkObserver.prototype.observeActivity<@resource://devtools/server/actors/network-monitor/network-observer.js:740:12
exports.makeInfallible/<@resource://devtools/shared/ThreadSafeDevToolsUtils.js:103:22
Line: 1188, column: 0
console.error: ({})
Handler function threw an exception: TypeError: undefined has no properties
Stack: _getWaitTiming@resource://devtools/server/actors/network-monitor/network-observer.js:1287:1
_setupHarTimings@resource://devtools/server/actors/network-monitor/network-observer.js:1512:28
_onTransactionClose@resource://devtools/server/actors/network-monitor/network-observer.js:1235:27
_dispatchActivity@resource://devtools/server/actors/network-monitor/network-observer.js:634:14
NetworkObserver.prototype.observeActivity<@resource://devtools/server/actors/network-monitor/network-observer.js:740:12
exports.makeInfallible/<@resource://devtools/shared/ThreadSafeDevToolsUtils.js:103:22
Line: 1287, column: 1
console.error: (new TypeError("undefined has no properties", "resource://devtools/server/actors/network-monitor/network-observer.js", 1287))
Handler function threw an exception: [Exception... "Component returned failure code: 0x80040111 (NS_ERROR_NOT_AVAILABLE) [nsIHttpChannelInternal.remoteAddress]"  nsresult: "0x80040111 (NS_ERROR_NOT_AVAILABLE)"  location: "JS frame :: resource://devtools/server/actors/network-monitor/network-observer.js :: _onResponseHeader :: line 1188"  data: no]
Stack: _onResponseHeader@resource://devtools/server/actors/network-monitor/network-observer.js:1188:5
_dispatchActivity@resource://devtools/server/actors/network-monitor/network-observer.js:631:14
NetworkObserver.prototype.observeActivity<@resource://devtools/server/actors/network-monitor/network-observer.js:740:12
exports.makeInfallible/<@resource://devtools/shared/ThreadSafeDevToolsUtils.js:103:22
Line: 1188, column: 0
console.error: ({})
Handler function threw an exception: TypeError: undefined has no properties
Stack: _getWaitTiming@resource://devtools/server/actors/network-monitor/network-observer.js:1287:1
_setupHarTimings@resource://devtools/server/actors/network-monitor/network-observer.js:1512:28
_onTransactionClose@resource://devtools/server/actors/network-monitor/network-observer.js:1235:27
_dispatchActivity@resource://devtools/server/actors/network-monitor/network-observer.js:634:14
NetworkObserver.prototype.observeActivity<@resource://devtools/server/actors/network-monitor/network-observer.js:740:12
exports.makeInfallible/<@resource://devtools/shared/ThreadSafeDevToolsUtils.js:103:22
Line: 1287, column: 1
console.error: (new TypeError("undefined has no properties", "resource://devtools/server/actors/network-monitor/network-observer.js", 1287))
console.error: "Error writing request: getGrids"
console.error: "Error writing request: getGrids"
console.error: "Error while calling actor 'layout's method 'getGrids'" "node is null"
console.error: (new TypeError("node is null", "resource://devtools/server/actors/layout.js", 502))
1621280023360	Marionette	INFO	Stopped listening on port 55123

###!!! [Child][RunMessage] Error: Channel closing: too late to send/recv, messages will be lost

"--marionette" "-foreground" "-no-remote" "-profile" "C:\\Users\\cleme\\AppData\\Local\\Temp\\rust_mozprofile2wPxhd"
1621279936486	Marionette	INFO	Marionette enabled
console.warn: SearchSettings: "get: No settings file exists, new profile?" (new Error("", "(unknown module)"))
1621279938950	Marionette	INFO	Listening on port 58690
1621279939285	Marionette	WARN	TLS certificate errors will be ignored for this session
1621279957325	Marionette	INFO	Stopped listening on port 58690

###!!! [Child][RunMessage] Error: Channel closing: too late to send/recv, messages will be lost

1621279970064	geckodriver	INFO	Listening on 127.0.0.1:58843
1621279973115	mozrunner::runner	INFO	Running command: "C:\\Program Files\\Mozilla Firefox\\firefox.exe" "--marionette" "-foreground" "-no-remote" "-profile" "C:\\Users\\cleme\\AppData\\Local\\Temp\\rust_mozprofileS12kkQ"
1621279973483	Marionette	INFO	Marionette enabled
console.warn: SearchSettings: "get: No settings file exists, new profile?" (new Error("", "(unknown module)"))
1621279975967	Marionette	INFO	Listening on port 58853
1621279976288	Marionette	WARN	TLS certificate errors will be ignored for this session
JavaScript error: https://www.chess.com/bundles/app/js/puzzles.client.0ff18d8f.js, line 2: NavigationDuplicated: Avoided redundant navigation to current location: "/rush".
1621280332417	Marionette	INFO	Stopped listening on port 58853

###!!! [Child][RunMessage] Error: Channel closing: too late to send/recv, messages will be lost

[Parent 9548, IPC I/O Parent] WARNING: pipe error: 232: file /builds/worker/checkouts/gecko/ipc/chromium/src/chrome/common/ipc_channel_win.cc:544
1621280334510	geckodriver	INFO	Listening on 127.0.0.1:59204
1621280337597	mozrunner::runner	INFO	Running command: "C:\\Program Files\\Mozilla Firefox\\firefox.exe" "--marionette" "-foreground" "-no-remote" "-profile" "C:\\Users\\cleme\\AppData\\Local\\Temp\\rust_mozprofile5T2nh3"
1621280337978	Marionette	INFO	Marionette enabled
console.warn: SearchSettings: "get: No settings file exists, new profile?" (new Error("", "(unknown module)"))
1621280340411	Marionette	INFO	Listening on port 59214
1621280340751	Marionette	WARN	TLS certificate errors will be ignored for this session
1621280347206	Marionette	WARN	Ignoring event 'DOMContentLoaded' because document has an invalid readyState of 'complete'.
1621280347207	Marionette	WARN	Ignoring event 'DOMContentLoaded' because document has an invalid readyState of 'complete'.
JavaScript error: https://www.chess.com/bundles/app/js/puzzles.client.0ff18d8f.js, line 2: NavigationDuplicated: Avoided redundant navigation to current location: "/rush".
1621282262415	Marionette	INFO	Stopped listening on port 59214
1280971968	mozrunner::runner	INFO	Running command: "C:\\Program Files\\Mozilla Firefox\\firefox.exe" "--marionette" "-foreground" "-no-remote" "-profile" "C:\\Users\\cleme\\AppData\\Local\\Temp\\rust_mozprofileNoBk1H"
1621280972370	Marionette	INFO	Marionette enabled
console.warn: SearchSettings: "get: No settings file exists, new profile?" (new Error("", "(unknown module)"))
1621280975063	Marionette	INFO	Listening on port 59781
1621280975164	Marionette	WARN	TLS certificate errors will be ignored for this session
JavaScript error: https://www.chess.com/bundles/app/js/puzzles.client.0ff18d8f.js, line 2: NavigationDuplicated: Avoided redundant navigation to current location: "/rush".
1621281318149	Marionette	INFO	Stopped listening on port 59781

###!!! [Child][RunMessage] Error: Channel closing: too late to send/recv, messages will be lost

1621281659315	geckodriver	INFO	Listening on 127.0.0.1:60345
1621281662344	mozrunner::runner	INFO	Running command: "C:\\Program Files\\Mozilla Firefox\\firefox.exe" "--marionette" "-foreground" "-no-remote" "-profile" "C:\\Users\\cleme\\AppData\\Local\\Temp\\rust_mozprofileEQjPC1"
1621281662807	Marionette	INFO	Marionette enabled
console.warn: SearchSettings: "get: No settings file exists, new profile?" (new Error("", "(unknown module)"))
1621281665678	Marionette	INFO	Listening on port 60353
1621281666023	Marionette	WARN	TLS certificate errors will be ignored for this session
1621281707634	Marionette	INFO	Stopped listening on port 60353

###!!! [Child][RunMessage] Error: Channel closing: too late to send/recv, messages will be lost

1621281878895	geckodriver	INFO	Listening on 127.0.0.1:60671
1621281881904	mozrunner::runner	INFO	Running command: "C:\\Program Files\\Mozilla Firefox\\firefox.exe" "--marionette" "-foreground" "-no-remote" "-profile" "C:\\Users\\cleme\\AppData\\Local\\Temp\\rust_mozprofileOvZPeo"
1621281882317	Marionette	INFO	Marionette enabled
console.warn: SearchSettings: "get: No settings file exists, new profile?" (new Error("", "(unknown module)"))
1621281884809	Marionette	INFO	Listening on port 60680
1621281885096	Marionette	WARN	TLS certificate errors will be ignored for this session
JavaScript error: https://www.chess.com/bundles/app/js/puzzles.client.0ff18d8f.js, line 2: NavigationDuplicated: Avoided redundant navigation to current location: "/rush".
1621282040117	Marionette	INFO	Stopped listening on port 60680

###!!! [Child][RunMessage] Error: Channel closing: too late to send/recv, messages will be lost

1621282042939	geckodriver	INFO	Listening on 127.0.0.1:60898
1621282045984	mozrunner::runner	INFO	Running command: "C:\\Program Files\\Mozilla Firefox\\firefox.exe" "--marionette" "-foreground" "-no-remote" "-profile" "C:\\Users\\cleme\\AppData\\Local\\Temp\\rust_mozprofile2Zkk97"
1621282046439	Marionette	INFO	Marionette enabled
console.warn: SearchSettings: "get: No settings file exists, new profile?" (new Error("", "(unknown module)"))
1621282049082	Marionette	INFO	Listening on port 60907
1621282049161	Marionette	WARN	TLS certificate errors will be ignored for this session
JavaScript error: , line 0: TypeError: NetworkError when attempting to fetch resource.
JavaScript error: https://www.chess.com/bundles/app/js/puzzles.client.0ff18d8f.js, line 2: NavigationDuplicated: Avoided redundant navigation to current location: "/rush".
1621282188338	Marionette	INFO	Stopped listening on port 60907

###!!! [Child][RunMessage] Error: Channel closing: too late to send/recv, messages will be lost

1621282202061	geckodriver	INFO	Listening on 127.0.0.1:61198
1621282205113	mozrunner::runner	INFO	Running command: "C:\\Program Files\\Mozilla Firefox\\firefox.exe" "--marionette" "-foreground" "-no-remote" "-profile" "C:\\Users\\cleme\\AppData\\Local\\Temp\\rust_mozprofilebhHT8e"
1621282205517	Marionette	INFO	Marionette enabled
console.warn: SearchSettings: "get: No settings file exists, new profile?" (new Error("", "(unknown module)"))
1621282208227	Marionette	INFO	Listening on port 61207
1621282208303	Marionette	WARN	TLS certificate errors will be ignored for this session
JavaScript error: https://www.chess.com/bundles/app/js/puzzles.client.0ff18d8f.js, line 2: NavigationDuplicated: Avoided redundant navigation to current location: "/rush".
1621285968747	Marionette	INFO	Stopped listening on port 61207

###!!! [Child][RunMessage] Error: Channel closing: too late to send/recv, messages will be lost

"--marionette" "-foreground" "-no-remote" "-profile" "C:\\Users\\cleme\\AppData\\Local\\Temp\\rust_mozprofileOsj2Pk"
1621282363376	Marionette	INFO	Marionette enabled
console.warn: SearchSettings: "get: No settings file exists, new profile?" (new Error("", "(unknown module)"))
1621282365757	Marionette	INFO	Listening on port 61525
1621282366183	Marionette	WARN	TLS certificate errors will be ignored for this session
JavaScript error: https://www.chess.com/bundles/app/js/puzzles.client.0ff18d8f.js, line 2: NavigationDuplicated: Avoided redundant navigation to current location: "/rush".
1621282410604	Marionette	INFO	Stopped listening on port 61525

###!!! [Child][RunMessage] Error: Channel closing: too late to send/recv, messages will be lost

1621282414313	geckodriver	INFO	Listening on 127.0.0.1:61696
1621282417379	mozrunner::runner	INFO	Running command: "C:\\Program Files\\Mozilla Firefox\\firefox.exe" "--marionette" "-foreground" "-no-remote" "-profile" "C:\\Users\\cleme\\AppData\\Local\\Temp\\rust_mozprofilefUYiGu"
1621282417739	Marionette	INFO	Marionette enabled
console.warn: SearchSettings: "get: No settings file exists, new profile?" (new Error("", "(unknown module)"))
1621282419945	Marionette	INFO	Listening on port 61705
1621282420062	Marionette	WARN	TLS certificate errors will be ignored for this session
JavaScript error: https://www.chess.com/bundles/app/js/puzzles.client.0ff18d8f.js, line 2: NavigationDuplicated: Avoided redundant navigation to current location: "/rush".
1621282476764	Marionette	INFO	Stopped listening on port 61705

###!!! [Child][RunMessage] Error: Channel closing: too late to send/recv, messages will be lost

1621282480096	geckodriver	INFO	Listening on 127.0.0.1:61894
1621282483159	mozrunner::runner	INFO	Running command: "C:\\Program Files\\Mozilla Firefox\\firefox.exe" "--marionette" "-foreground" "-no-remote" "-profile" "C:\\Users\\cleme\\AppData\\Local\\Temp\\rust_mozprofileaXAlMB"
1621282483514	Marionette	INFO	Marionette enabled
console.warn: SearchSettings: "get: No settings file exists, new profile?" (new Error("", "(unknown module)"))
1621282485861	Marionette	INFO	Listening on port 61904
1621282486346	Marionette	WARN	TLS certificate errors will be ignored for this session
JavaScript error: https://www.chess.com/bundles/app/js/puzzles.client.0ff18d8f.js, line 2: NavigationDuplicated: Avoided redundant navigation to current location: "/rush".
1621282505200	Marionette	INFO	Stopped listening on port 61904

###!!! [Child][RunMessage] Error: Channel closing: too late to send/recv, messages will be lost

1621282540621	geckodriver	INFO	Listening on 127.0.0.1:62067
1621282543693	mozrunner::runner	INFO	Running command: "C:\\Program Files\\Mozilla Firefox\\firefox.exe" "--marionette" "-foreground" "-no-remote" "-profile" "C:\\Users\\cleme\\AppData\\Local\\Temp\\rust_mozprofileNjri5Y"
1621282544058	Marionette	INFO	Marionette enabled
console.warn: SearchSettings: "get: No settings file exists, new profile?" (new Error("", "(unknown module)"))
1621282546349	Marionette	INFO	Listening on port 62078
1621282546869	Marionette	WARN	TLS certificate errors will be ignored for this session
JavaScript warning: https://www.chess.com/bundles/app/js/security.client.132a1cc5.js, line 2: WebGL context was lost.
JavaScript warning: https://www.chess.com/bundles/app/js/security.client.132a1cc5.js, line 2: WebGL context was lost.
JavaScript warning: https://www.chess.com/bundles/app/js/security.client.132a1cc5.js, line 2: WebGL context was lost.
JavaScript warning: https://www.chess.com/bundles/app/js/security.client.132a1cc5.js, line 2: WebGL context was lost.
JavaScript error: resource://gre/modules/media/PeerConnection.jsm, line 510: NS_ERROR_FAILURE: 
1621282652400	Marionette	INFO	Stopped listening on port 62078

###!!! [Child][RunMessage] Error: Channel closing: too late to send/recv, messages will be lost

1621282658158	geckodriver	INFO	Listening on 127.0.0.1:62360
1621282661225	mozrunner::runner	INFO	Running command: "C:\\Program Files\\Mozilla Firefox\\firefox.exe" "--marionette" "-foreground" "-no-remote" "-profile" "C:\\Users\\cleme\\AppData\\Local\\Temp\\rust_mozprofileAakzsg"
1621282661599	Marionette	INFO	Marionette enabled
console.warn: SearchSettings: "get: No settings file exists, new profile?" (new Error("", "(unknown module)"))
1621282663857	Marionette	INFO	Listening on port 62369
1621282663914	Marionette	WARN	TLS certificate errors will be ignored for this session
1621282680437	Marionette	INFO	Stopped listening on port 62369

###!!! [Child][RunMessage] Error: Channel closing: too late to send/recv, messages will be lost

1621282684518	geckodriver	INFO	Listening on 127.0.0.1:62500
1621282687580	mozrunner::runner	INFO	Running command: "C:\\Program Files\\Mozilla Firefox\\firefox.exe" "--marionette" "-foreground" "-no-remote" "-profile" "C:\\Users\\cleme\\AppData\\Local\\Temp\\rust_mozprofile964L7h"
1621282687961	Marionette	INFO	Marionette enabled
console.warn: SearchSettings: "get: No settings file exists, new profile?" (new Error("", "(unknown module)"))
1621282690247	Marionette	INFO	Listening on port 62509
1621282690297	Marionette	WARN	TLS certificate errors will be ignored for this session
console.warn: "Async method failed in safeAsyncMethod" (new Error("Connection closed, pending request to server0.conn0.child4/domwalker24, type cancelPick failed\n\nRequest stack:\nrequest@resource://devtools/shared/protocol/Front.js:285:14\ngenerateRequestMethods/</frontProto[name]@resource://devtools/shared/protocol/Front/FrontClassWithSpec.js:46:19\ncancelPick@resource://devtools/client/fronts/walker.js:546:18\nexports.safeAsyncMethod/<@resource://devtools/shared/async-utils.js:57:25\n_onInspectorFrontDestroyed@resource://devtools/client/inspector/node-picker.js:113:18\nstop@resource://devtools/client/inspector/node-picker.js:176:18\n_destroyToolbox@resource://devtools/client/framework/toolbox.js:3735:24\ndestroy@resource://devtools/client/framework/toolbox.js:3669:10\n_forgetBrowserWindow@resource://devtools/client/framework/devtools-browser.js:689:17\nhandleEvent@resource://devtools/client/framework/devtools-browser.js:710:26\n", "resource://devtools/shared/protocol/Front.js", 99))
1621282752967	Marionette	INFO	Stopped listening on port 62509
1621282757080	geckodriver	INFO	Listening on 127.0.0.1:62682
1621282760137	mozrunner::runner	INFO	Running command: "C:\\Program Files\\Mozilla Firefox\\firefox.exe" "--marionette" "-foreground" "-no-remote" "-profile" "C:\\Users\\cleme\\AppData\\Local\\Temp\\rust_mozprofileVL8QHT"
1621282760555	Marionette	INFO	Marionette enabled
console.warn: SearchSettings: "get: No settings file exists, new profile?" (new Error("", "(unknown module)"))
1621282762939	Marionette	INFO	Listening on port 62691
1621282763319	Marionette	WARN	TLS certificate errors will be ignored for this session
1621282813438	Marionette	INFO	Stopped listening on port 62691

###!!! [Child][RunMessage] Error: Channel closing: too late to send/recv, messages will be lost

1621282817824	geckodriver	INFO	Listening on 127.0.0.1:62861
1621282820873	mozrunner::runner	INFO	Running command: "C:\\Program Files\\Mozilla Firefox\\firefox.exe" "--marionette" "-foreground" "-no-remote" "-profile" "C:\\Users\\cleme\\AppData\\Local\\Temp\\rust_mozprofileYm8hdU"
1621282821237	Marionette	INFO	Marionette enabled
console.warn: SearchSettings: "get: No settings file exists, new profile?" (new Error("", "(unknown module)"))
1621282823696	Marionette	INFO	Listening on port 62871
1621282824057	Marionette	WARN	TLS certificate errors will be ignored for this session
1621282843574	Marionette	INFO	Stopped listening on port 62871

###!!! [Child][RunMessage] Error: Channel closing: too late to send/recv, messages will be lost

1621282846123	geckodriver	INFO	Listening on 127.0.0.1:63003
1621282849185	mozrunner::runner	INFO	Running command: "C:\\Program Files\\Mozilla Firefox\\firefox.exe" "--marionette" "-foreground" "-no-remote" "-profile" "C:\\Users\\cleme\\AppData\\Local\\Temp\\rust_mozprofileYJPeTw"
1621282849532	Marionette	INFO	Marionette enabled
console.warn: SearchSettings: "get: No settings file exists, new profile?" (new Error("", "(unknown module)"))
1621282852046	Marionette	INFO	Listening on port 63013
1621282852378	Marionette	WARN	TLS certificate errors will be ignored for this session
console.error: "Error while calling actor 'layout's method 'getGrids'" "node is null"
console.error: (new TypeError("node is null", "resource://devtools/server/actors/layout.js", 502))
1621282908050	Marionette	INFO	Stopped listening on port 63013

###!!! [Child][RunMessage] Error: Channel closing: too late to send/recv, messages will be lost

1621282911778	geckodriver	INFO	Listening on 127.0.0.1:63210
1621282914813	mozrunner::runner	INFO	Running command: "C:\\Program Files\\Mozilla Firefox\\firefox.exe" "--marionette" "-foreground" "-no-remote" "-profile" "C:\\Users\\cleme\\AppData\\Local\\Temp\\rust_mozprofile2hGrEu"
1621282915172	Marionette	INFO	Marionette enabled
console.warn: SearchSettings: "get: No settings file exists, new profile?" (new Error("", "(unknown module)"))
1621282917570	Marionette	INFO	Listening on port 63218
1621282918032	Marionette	WARN	TLS certificate errors will be ignored for this session
1621283012520	Marionette	INFO	Stopped listening on port 63218

###!!! [Child][RunMessage] Error: Channel closing: too late to send/recv, messages will be lost

1621283017054	geckodriver	INFO	Listening on 127.0.0.1:63417
1621283020097	mozrunner::runner	INFO	Running command: "C:\\Program Files\\Mozilla Firefox\\firefox.exe" "--marionette" "-foreground" "-no-remote" "-profile" "C:\\Users\\cleme\\AppData\\Local\\Temp\\rust_mozprofile5XOgGQ"
1621283020474	Marionette	INFO	Marionette enabled
console.warn: SearchSettings: "get: No settings file exists, new profile?" (new Error("", "(unknown module)"))
1621283022850	Marionette	INFO	Listening on port 63426
1621283023293	Marionette	WARN	TLS certificate errors will be ignored for this session
JavaScript error: https://player.twitch.tv/?channel=Blitzstream&autoplay=true&muted=true&parent=www.chess.com, line 1: Error: Loading CSS chunk 26513 failed.
(https://static.twitchcdn.net/assets/features.sub-modal.components.sub-modal-4e60f8101679361822c7.css)
1621283057393	Marionette	INFO	Stopped listening on port 63426

###!!! [Child][RunMessage] Error: Channel closing: too late to send/recv, messages will be lost

1621283105704	geckodriver	INFO	Listening on 127.0.0.1:63667
1621283108769	mozrunner::runner	INFO	Running command: "C:\\Program Files\\Mozilla Firefox\\firefox.exe" "--marionette" "-foreground" "-no-remote" "-profile" "C:\\Users\\cleme\\AppData\\Local\\Temp\\rust_mozprofileZaG7Dr"
1621283109137	Marionette	INFO	Marionette enabled
console.warn: SearchSettings: "get: No settings file exists, new profile?" (new Error("", "(unknown module)"))
1621283111693	Marionette	INFO	Listening on port 63676
1621283111938	Marionette	WARN	TLS certificate errors will be ignored for this session
*************************
A coding exception was thrown in a Promise resolution callback.
See https://developer.mozilla.org/Mozilla/JavaScript_code_modules/Promise.jsm/Promise

Full message: TypeError: container.editor is undefined
Full stack: showNode/<@resource://devtools/client/inspector/markup/markup.js:1620:9
process@resource://gre/modules/Promise-backend.js:961:38
walkerLoop@resource://gre/modules/Promise-backend.js:845:29
Promise*scheduleWalkerLoop@resource://gre/modules/Promise-backend.js:775:19
schedulePromise@resource://gre/modules/Promise-backend.js:809:12
Promise.prototype.then@resource://gre/modules/Promise-backend.js:483:19
showNode@resource://devtools/client/inspector/markup/markup.js:1612:8
_onToolboxPickerHover@resource://devtools/client/inspector/markup/markup.js:456:10
_emit@resource://devtools/shared/event-emitter.js:226:34
emit@resource://devtools/shared/event-emitter.js:172:18
emit@resource://devtools/shared/event-emitter.js:324:18
_onHovered@resource://devtools/client/inspector/node-picker.js:199:10
_emit@resource://devtools/shared/event-emitter.js:226:34
emit@resource://devtools/shared/event-emitter.js:172:18
emit@resource://devtools/shared/event-emitter.js:324:18
onPacket@resource://devtools/shared/protocol/Front.js:329:13
onPacket@resource://devtools/client/devtools-client.js:482:13
send/<@resource://devtools/shared/transport/local-transport.js:68:25
exports.makeInfallible/<@resource://devtools/shared/ThreadSafeDevToolsUtils.js:103:22
exports.makeInfallible/<@resource://devtools/shared/ThreadSafeDevToolsUtils.js:103:22

*************************
console.error: (new TypeError("container.editor is undefined", "resource://devtools/client/inspector/markup/markup.js", 1620))
console.error: "Error while calling actor 'layout's method 'getGrids'" "node is null"
console.error: (new TypeError("node is null", "resource://devtools/server/actors/layout.js", 502))
1621283687448	Marionette	INFO	Stopped listening on port 63676

###!!! [Child][RunMessage] Error: Channel closing: too late to send/recv, messages will be lost

"--marionette" "-foreground" "-no-remote" "-profile" "C:\\Users\\cleme\\AppData\\Local\\Temp\\rust_mozprofileQwrgpJ"
1621283200733	Marionette	INFO	Marionette enabled
console.warn: SearchSettings: "get: No settings file exists, new profile?" (new Error("", "(unknown module)"))
1621283203422	Marionette	INFO	Listening on port 63924
1621283203455	Marionette	WARN	TLS certificate errors will be ignored for this session
1621283224142	Marionette	INFO	Stopped listening on port 63924

###!!! [Child][RunMessage] Error: Channel closing: too late to send/recv, messages will be lost

1621283364709	geckodriver	INFO	Listening on 127.0.0.1:64170
1621283367773	mozrunner::runner	INFO	Running command: "C:\\Program Files\\Mozilla Firefox\\firefox.exe" "--marionette" "-foreground" "-no-remote" "-profile" "C:\\Users\\cleme\\AppData\\Local\\Temp\\rust_mozprofile8m09EO"
1621283368154	Marionette	INFO	Marionette enabled
console.warn: SearchSettings: "get: No settings file exists, new profile?" (new Error("", "(unknown module)"))
1621283370797	Marionette	INFO	Listening on port 64180
1621283370964	Marionette	WARN	TLS certificate errors will be ignored for this session
1621283397518	Marionette	INFO	Stopped listening on port 64180

###!!! [Child][RunMessage] Error: Channel closing: too late to send/recv, messages will be lost

1621283496489	geckodriver	INFO	Listening on 127.0.0.1:64395
1621283499519	mozrunner::runner	INFO	Running command: "C:\\Program Files\\Mozilla Firefox\\firefox.exe" "--marionette" "-foreground" "-no-remote" "-profile" "C:\\Users\\cleme\\AppData\\Local\\Temp\\rust_mozprofilep7hBdW"
1621283499965	Marionette	INFO	Marionette enabled
console.warn: SearchSettings: "get: No settings file exists, new profile?" (new Error("", "(unknown module)"))
1621283502688	Marionette	INFO	Listening on port 64406
1621283503203	Marionette	WARN	TLS certificate errors will be ignored for this session
1621283536685	Marionette	INFO	Stopped listening on port 64406

###!!! [Child][RunMessage] Error: Channel closing: too late to send/recv, messages will be lost

1621283558198	geckodriver	INFO	Listening on 127.0.0.1:64574
1621283561248	mozrunner::runner	INFO	Running command: "C:\\Program Files\\Mozilla Firefox\\firefox.exe" "--marionette" "-foreground" "-no-remote" "-profile" "C:\\Users\\cleme\\AppData\\Local\\Temp\\rust_mozprofileF29GRu"
1621283561608	Marionette	INFO	Marionette enabled
console.warn: SearchSettings: "get: No settings file exists, new profile?" (new Error("", "(unknown module)"))
1621283564449	Marionette	INFO	Listening on port 64582
1621283564965	Marionette	WARN	TLS certificate errors will be ignored for this session

###!!! [Child][RunMessage] Error: Channel closing: too late to send/recv, messages will be lost

1621283685281	Marionette	INFO	Stopped listening on port 64582

###!!! [Child][RunMessage] Error: Channel closing: too late to send/recv, messages will be lost

1621283693679	geckodriver	INFO	Listening on 127.0.0.1:64866
1621283696753	mozrunner::runner	INFO	Running command: "C:\\Program Files\\Mozilla Firefox\\firefox.exe" "--marionette" "-foreground" "-no-remote" "-profile" "C:\\Users\\cleme\\AppData\\Local\\Temp\\rust_mozprofileNEaKI6"
1621283697135	Marionette	INFO	Marionette enabled
console.warn: SearchSettings: "get: No settings file exists, new profile?" (new Error("", "(unknown module)"))
1621283699718	Marionette	INFO	Listening on port 64874
1621283699929	Marionette	WARN	TLS certificate errors will be ignored for this session
console.error: "Error while calling actor 'layout's method 'getGrids'" "node is null"
console.error: (new TypeError("node is null", "resource://devtools/server/actors/layout.js", 502))
1621283804234	Marionette	INFO	Stopped listening on port 64874
1621283834462	geckodriver	INFO	Listening on 127.0.0.1:65166
1621283837518	mozrunner::runner	INFO	Running command: "C:\\Program Files\\Mozilla Firefox\\firefox.exe" "--marionette" "-foreground" "-no-remote" "-profile" "C:\\Users\\cleme\\AppData\\Local\\Temp\\rust_mozprofilefcsW7J"
1621283837901	Marionette	INFO	Marionette enabled
console.warn: SearchSettings: "get: No settings file exists, new profile?" (new Error("", "(unknown module)"))
1621283840386	Marionette	INFO	Listening on port 65176
1621283840708	Marionette	WARN	TLS certificate errors will be ignored for this session
console.error: (new TypeError("container.node.targetFront is null", "resource://devtools/client/inspector/markup/markup.js", 2310))
JavaScript warning: https://www.chess.com/bundles/app/js/security.client.132a1cc5.js, line 2: WebGL context was lost.
JavaScript warning: https://www.chess.com/bundles/app/js/security.client.132a1cc5.js, line 2: WebGL context was lost.
JavaScript warning: https://www.chess.com/bundles/app/js/security.client.132a1cc5.js, line 2: WebGL context was lost.
JavaScript warning: https://www.chess.com/bundles/app/js/security.client.132a1cc5.js, line 2: WebGL context was lost.
JavaScript error: resource://gre/modules/media/PeerConnection.jsm, line 510: NS_ERROR_FAILURE: 
1621286175789	Marionette	INFO	Stopped listening on port 65176

###!!! [Child][RunMessage] Error: Channel closing: too late to send/recv, messages will be lost

ogram Files\\Mozilla Firefox\\firefox.exe" "--marionette" "-foreground" "-no-remote" "-profile" "C:\\Users\\cleme\\AppData\\Local\\Temp\\rust_mozprofile4D0BbM"
1621286027825	Marionette	INFO	Marionette enabled
console.warn: SearchSettings: "get: No settings file exists, new profile?" (new Error("", "(unknown module)"))
1621286030428	Marionette	INFO	Listening on port 50971
1621286030628	Marionette	WARN	TLS certificate errors will be ignored for this session
1621286059705	Marionette	INFO	Stopped listening on port 50971

###!!! [Child][RunMessage] Error: Channel closing: too late to send/recv, messages will be lost

1621286177585	geckodriver	INFO	Listening on 127.0.0.1:51254
1621286180648	mozrunner::runner	INFO	Running command: "C:\\Program Files\\Mozilla Firefox\\firefox.exe" "--marionette" "-foreground" "-no-remote" "-profile" "C:\\Users\\cleme\\AppData\\Local\\Temp\\rust_mozprofilejsfeFi"
1621286181057	Marionette	INFO	Marionette enabled
console.warn: SearchSettings: "get: No settings file exists, new profile?" (new Error("", "(unknown module)"))
1621286183475	Marionette	INFO	Listening on port 51263
1621286183801	Marionette	WARN	TLS certificate errors will be ignored for this session
console.warn: "Async method failed in safeAsyncMethod" (new Error("Connection closed, pending request to server0.conn0.child4/domwalker24, type cancelPick failed\n\nRequest stack:\nrequest@resource://devtools/shared/protocol/Front.js:285:14\ngenerateRequestMethods/</frontProto[name]@resource://devtools/shared/protocol/Front/FrontClassWithSpec.js:46:19\ncancelPick@resource://devtools/client/fronts/walker.js:546:18\nexports.safeAsyncMethod/<@resource://devtools/shared/async-utils.js:57:25\n_onInspectorFrontDestroyed@resource://devtools/client/inspector/node-picker.js:113:18\nstop@resource://devtools/client/inspector/node-picker.js:176:18\n_destroyToolbox@resource://devtools/client/framework/toolbox.js:3735:24\ndestroy@resource://devtools/client/framework/toolbox.js:3669:10\ncloseToolboxForTab@resource://devtools/client/framework/devtools.js:702:19\n", "resource://devtools/shared/protocol/Front.js", 99))
1621286226461	Marionette	INFO	Stopped listening on port 51263

###!!! [Child][RunMessage] Error: Channel closing: too late to send/recv, messages will be lost

1621286228342	geckodriver	INFO	Listening on 127.0.0.1:51413
1621286231447	mozrunner::runner	INFO	Running command: "C:\\Program Files\\Mozilla Firefox\\firefox.exe" "--marionette" "-foreground" "-no-remote" "-profile" "C:\\Users\\cleme\\AppData\\Local\\Temp\\rust_mozprofileBk50al"
1621286231813	Marionette	INFO	Marionette enabled
console.warn: SearchSettings: "get: No settings file exists, new profile?" (new Error("", "(unknown module)"))
1621286234222	Marionette	INFO	Listening on port 51422
1621286234643	Marionette	WARN	TLS certificate errors will be ignored for this session
1621286396437	Marionette	INFO	Stopped listening on port 51422

###!!! [Child][RunMessage] Error: Channel closing: too late to send/recv, messages will be lost

"--marionette" "-foreground" "-no-remote" "-profile" "C:\\Users\\cleme\\AppData\\Local\\Temp\\rust_mozprofileMTBpBM"
1621286361410	Marionette	INFO	Marionette enabled
console.warn: SearchSettings: "get: No settings file exists, new profile?" (new Error("", "(unknown module)"))
1621286364217	Marionette	INFO	Listening on port 51710
1621286364704	Marionette	WARN	TLS certificate errors will be ignored for this session
1621286394816	Marionette	INFO	Stopped listening on port 51710

###!!! [Child][RunMessage] Error: Channel closing: too late to send/recv, messages will be lost

1621326274038	geckodriver	INFO	Listening on 127.0.0.1:52684
1621326277112	mozrunner::runner	INFO	Running command: "C:\\Program Files\\Mozilla Firefox\\firefox.exe" "--marionette" "-foreground" "-no-remote" "-profile" "C:\\Users\\cleme\\AppData\\Local\\Temp\\rust_mozprofileDwZjrY"
1621326277697	Marionette	INFO	Marionette enabled
console.warn: SearchSettings: "get: No settings file exists, new profile?" (new Error("", "(unknown module)"))
1621326280691	Marionette	INFO	Listening on port 52692
1621326280823	Marionette	WARN	TLS certificate errors will be ignored for this session
JavaScript error: https://www.chess.com/bundles/app/js/puzzles.client.c2ed36f7.js, line 2: NavigationDuplicated: Avoided redundant navigation to current location: "/rush".
1621326312275	Marionette	INFO	Stopped listening on port 52692

###!!! [Child][RunMessage] Error: Channel closing: too late to send/recv, messages will be lost

1621336949590	geckodriver	INFO	Listening on 127.0.0.1:54589
1621336952673	mozrunner::runner	INFO	Running command: "C:\\Program Files\\Mozilla Firefox\\firefox.exe" "--marionette" "-foreground" "-no-remote" "-profile" "C:\\Users\\cleme\\AppData\\Local\\Temp\\rust_mozprofilenAWWCu"
1621336953122	Marionette	INFO	Marionette enabled
console.warn: SearchSettings: "get: No settings file exists, new profile?" (new Error("", "(unknown module)"))
1621336955677	Marionette	INFO	Listening on port 54599
1621336955846	Marionette	WARN	TLS certificate errors will be ignored for this session
JavaScript error: https://www.chess.com/bundles/app/js/puzzles.client.c2ed36f7.js, line 2: NavigationDuplicated: Avoided redundant navigation to current location: "/rush".
1621337103189	Marionette	INFO	Stopped listening on port 54599

###!!! [Child][RunMessage] Error: Channel closing: too late to send/recv, messages will be lost

1621337106663	geckodriver	INFO	Listening on 127.0.0.1:54832
1621337109715	mozrunner::runner	INFO	Running command: "C:\\Program Files\\Mozilla Firefox\\firefox.exe" "--marionette" "-foreground" "-no-remote" "-profile" "C:\\Users\\cleme\\AppData\\Local\\Temp\\rust_mozprofile1OBFXG"
1621337110134	Marionette	INFO	Marionette enabled
console.warn: SearchSettings: "get: No settings file exists, new profile?" (new Error("", "(unknown module)"))
1621337112617	Marionette	INFO	Listening on port 54841
1621337112875	Marionette	WARN	TLS certificate errors will be ignored for this session
JavaScript error: https://www.chess.com/bundles/app/js/puzzles.client.c2ed36f7.js, line 2: NavigationDuplicated: Avoided redundant navigation to current location: "/rush".
1621337232034	Marionette	INFO	Stopped listening on port 54841

###!!! [Child][RunMessage] Error: Channel closing: too late to send/recv, messages will be lost

1621337236366	geckodriver	INFO	Listening on 127.0.0.1:55043
1621337239423	mozrunner::runner	INFO	Running command: "C:\\Program Files\\Mozilla Firefox\\firefox.exe" "--marionette" "-foreground" "-no-remote" "-profile" "C:\\Users\\cleme\\AppData\\Local\\Temp\\rust_mozprofileJAndFn"
1621337239820	Marionette	INFO	Marionette enabled
console.warn: SearchSettings: "get: No settings file exists, new profile?" (new Error("", "(unknown module)"))
1621337242293	Marionette	INFO	Listening on port 55054
1621337242583	Marionette	WARN	TLS certificate errors will be ignored for this session
JavaScript error: https://www.chess.com/bundles/app/js/puzzles.client.c2ed36f7.js, line 2: NavigationDuplicated: Avoided redundant navigation to current location: "/rush".
1621341412492	Marionette	INFO	Stopped listening on port 55054

###!!! [Child][RunMessage] Error: Channel closing: too late to send/recv, messages will be lost

"--marionette" "-foreground" "-no-remote" "-profile" "C:\\Users\\cleme\\AppData\\Local\\Temp\\rust_mozprofileoLXnxr"
1621341335397	Marionette	INFO	Marionette enabled
console.warn: SearchSettings: "get: No settings file exists, new profile?" (new Error("", "(unknown module)"))
1621341338223	Marionette	INFO	Listening on port 59445
1621341338677	Marionette	WARN	TLS certificate errors will be ignored for this session
JavaScript error: https://www.chess.com/bundles/app/js/puzzles.client.c2ed36f7.js, line 2: NavigationDuplicated: Avoided redundant navigation to current location: "/rush".
1621341410878	Marionette	INFO	Stopped listening on port 59445

###!!! [Child][RunMessage] Error: Channel closing: too late to send/recv, messages will be lost

1621341415575	geckodriver	INFO	Listening on 127.0.0.1:59625
1621341418647	mozrunner::runner	INFO	Running command: "C:\\Program Files\\Mozilla Firefox\\firefox.exe" "--marionette" "-foreground" "-no-remote" "-profile" "C:\\Users\\cleme\\AppData\\Local\\Temp\\rust_mozprofilefnqI0G"
1621341419028	Marionette	INFO	Marionette enabled
console.warn: SearchSettings: "get: No settings file exists, new profile?" (new Error("", "(unknown module)"))
1621341421514	Marionette	INFO	Listening on port 59634
1621341421837	Marionette	WARN	TLS certificate errors will be ignored for this session
JavaScript error: https://www.chess.com/bundles/app/js/puzzles.client.c2ed36f7.js, line 2: NavigationDuplicated: Avoided redundant navigation to current location: "/rush".
1621341736427	Marionette	INFO	Stopped listening on port 59634

###!!! [Child][RunMessage] Error: Channel closing: too late to send/recv, messages will be lost

1621341739611	geckodriver	INFO	Listening on 127.0.0.1:60094
1621341742671	mozrunner::runner	INFO	Running command: "C:\\Program Files\\Mozilla Firefox\\firefox.exe" "--marionette" "-foreground" "-no-remote" "-profile" "C:\\Users\\cleme\\AppData\\Local\\Temp\\rust_mozprofileASblE4"
1621341743053	Marionette	INFO	Marionette enabled
console.warn: SearchSettings: "get: No settings file exists, new profile?" (new Error("", "(unknown module)"))
1621341745451	Marionette	INFO	Listening on port 60103
1621341745856	Marionette	WARN	TLS certificate errors will be ignored for this session
JavaScript error: , line 0: TypeError: NetworkError when attempting to fetch resource.
JavaScript error: https://www.chess.com/bundles/app/js/puzzles.client.c2ed36f7.js, line 2: NavigationDuplicated: Avoided redundant navigation to current location: "/rush".
1621342278720	Marionette	INFO	Stopped listening on port 60103

###!!! [Child][RunMessage] Error: Channel closing: too late to send/recv, messages will be lost

"--marionette" "-foreground" "-no-remote" "-profile" "C:\\Users\\cleme\\AppData\\Local\\Temp\\rust_mozprofileXCGvgW"
1621342132162	Marionette	INFO	Marionette enabled
console.warn: SearchSettings: "get: No settings file exists, new profile?" (new Error("", "(unknown module)"))
1621342134878	Marionette	INFO	Listening on port 60654
1621342135020	Marionette	WARN	TLS certificate errors will be ignored for this session
JavaScript error: https://www.chess.com/bundles/app/js/puzzles.client.c2ed36f7.js, line 2: NavigationDuplicated: Avoided redundant navigation to current location: "/rush".
1621342276908	Marionette	INFO	Stopped listening on port 60654

###!!! [Child][RunMessage] Error: Channel closing: too late to send/recv, messages will be lost

1621342387839	geckodriver	INFO	Listening on 127.0.0.1:61152
1621342390894	mozrunner::runner	INFO	Running command: "C:\\Program Files\\Mozilla Firefox\\firefox.exe" "--marionette" "-foreground" "-no-remote" "-profile" "C:\\Users\\cleme\\AppData\\Local\\Temp\\rust_mozprofileU44LKD"
1621342391298	Marionette	INFO	Marionette enabled
console.warn: SearchSettings: "get: No settings file exists, new profile?" (new Error("", "(unknown module)"))
1621342393841	Marionette	INFO	Listening on port 61161
1621342394065	Marionette	WARN	TLS certificate errors will be ignored for this session
JavaScript error: https://www.chess.com/bundles/app/js/puzzles.client.c2ed36f7.js, line 2: NavigationDuplicated: Avoided redundant navigation to current location: "/rush".
1621342496564	Marionette	INFO	Stopped listening on port 61161

###!!! [Child][RunMessage] Error: Channel closing: too late to send/recv, messages will be lost

1621342499332	geckodriver	INFO	Listening on 127.0.0.1:61382
1621342502384	mozrunner::runner	INFO	Running command: "C:\\Program Files\\Mozilla Firefox\\firefox.exe" "--marionette" "-foreground" "-no-remote" "-profile" "C:\\Users\\cleme\\AppData\\Local\\Temp\\rust_mozprofilel24AO3"
1621342502757	Marionette	INFO	Marionette enabled
console.warn: SearchSettings: "get: No settings file exists, new profile?" (new Error("", "(unknown module)"))
1621342505035	Marionette	INFO	Listening on port 61392
1621342505058	Marionette	WARN	TLS certificate errors will be ignored for this session
JavaScript error: https://www.chess.com/bundles/app/js/puzzles.client.c2ed36f7.js, line 2: NavigationDuplicated: Avoided redundant navigation to current location: "/rush".
1621342539012	Marionette	INFO	Stopped listening on port 61392

###!!! [Child][RunMessage] Error: Channel closing: too late to send/recv, messages will be lost

1621342552710	geckodriver	INFO	Listening on 127.0.0.1:61533
1621342555791	mozrunner::runner	INFO	Running command: "C:\\Program Files\\Mozilla Firefox\\firefox.exe" "--marionette" "-foreground" "-no-remote" "-profile" "C:\\Users\\cleme\\AppData\\Local\\Temp\\rust_mozprofilek1BBcj"
1621342556155	Marionette	INFO	Marionette enabled
console.warn: SearchSettings: "get: No settings file exists, new profile?" (new Error("", "(unknown module)"))
1621342558583	Marionette	INFO	Listening on port 61542
1621342558981	Marionette	WARN	TLS certificate errors will be ignored for this session
JavaScript error: , line 0: TypeError: NetworkError when attempting to fetch resource.
JavaScript error: https://www.chess.com/bundles/app/js/puzzles.client.c2ed36f7.js, line 2: NavigationDuplicated: Avoided redundant navigation to current location: "/rush".
1621342708823	Marionette	INFO	Stopped listening on port 61542

###!!! [Child][RunMessage] Error: Channel closing: too late to send/recv, messages will be lost

1621342714199	geckodriver	INFO	Listening on 127.0.0.1:61856
1621342717262	mozrunner::runner	INFO	Running command: "C:\\Program Files\\Mozilla Firefox\\firefox.exe" "--marionette" "-foreground" "-no-remote" "-profile" "C:\\Users\\cleme\\AppData\\Local\\Temp\\rust_mozprofileJO4MSo"
1621342717646	Marionette	INFO	Marionette enabled
console.warn: SearchSettings: "get: No settings file exists, new profile?" (new Error("", "(unknown module)"))
1621342720136	Marionette	INFO	Listening on port 61866
1621342720454	Marionette	WARN	TLS certificate errors will be ignored for this session
JavaScript error: https://www.chess.com/bundles/app/js/puzzles.client.c2ed36f7.js, line 2: NavigationDuplicated: Avoided redundant navigation to current location: "/rush".
1621342959698	Marionette	INFO	Stopped listening on port 61866

###!!! [Child][RunMessage] Error: Channel closing: too late to send/recv, messages will be lost

1621342962436	geckodriver	INFO	Listening on 127.0.0.1:62207
1621342965516	mozrunner::runner	INFO	Running command: "C:\\Program Files\\Mozilla Firefox\\firefox.exe" "--marionette" "-foreground" "-no-remote" "-profile" "C:\\Users\\cleme\\AppData\\Local\\Temp\\rust_mozprofile6brSbq"
1621342965898	Marionette	INFO	Marionette enabled
console.warn: SearchSettings: "get: No settings file exists, new profile?" (new Error("", "(unknown module)"))
1621342968058	Marionette	INFO	Listening on port 62217
1621342968211	Marionette	WARN	TLS certificate errors will be ignored for this session
JavaScript error: https://www.chess.com/bundles/app/js/puzzles.client.c2ed36f7.js, line 2: NavigationDuplicated: Avoided redundant navigation to current location: "/rush".
1621343339025	Marionette	INFO	Stopped listening on port 62217

###!!! [Child][RunMessage] Error: Channel closing: too late to send/recv, messages will be lost

1621343343993	geckodriver	INFO	Listening on 127.0.0.1:62817
1621343347074	mozrunner::runner	INFO	Running command: "C:\\Program Files\\Mozilla Firefox\\firefox.exe" "--marionette" "-foreground" "-no-remote" "-profile" "C:\\Users\\cleme\\AppData\\Local\\Temp\\rust_mozprofileIYp8db"
1621343347453	Marionette	INFO	Marionette enabled
console.warn: SearchSettings: "get: No settings file exists, new profile?" (new Error("", "(unknown module)"))
1621343350064	Marionette	INFO	Listening on port 62825
1621343350249	Marionette	WARN	TLS certificate errors will be ignored for this session
JavaScript error: https://www.chess.com/bundles/app/js/puzzles.client.c2ed36f7.js, line 2: NavigationDuplicated: Avoided redundant navigation to current location: "/rush".
1621343511308	Marionette	INFO	Stopped listening on port 62825

###!!! [Child][RunMessage] Error: Channel closing: too late to send/recv, messages will be lost

1621343514386	geckodriver	INFO	Listening on 127.0.0.1:63055
1621343517453	mozrunner::runner	INFO	Running command: "C:\\Program Files\\Mozilla Firefox\\firefox.exe" "--marionette" "-foreground" "-no-remote" "-profile" "C:\\Users\\cleme\\AppData\\Local\\Temp\\rust_mozprofileBWlkrw"
1621343517824	Marionette	INFO	Marionette enabled
console.warn: SearchSettings: "get: No settings file exists, new profile?" (new Error("", "(unknown module)"))
1621343520083	Marionette	INFO	Listening on port 63063
1621343520159	Marionette	WARN	TLS certificate errors will be ignored for this session
JavaScript error: , line 0: TypeError: NetworkError when attempting to fetch resource.
JavaScript error: https://www.chess.com/bundles/app/js/puzzles.client.45ad492c.js, line 2: NavigationDuplicated: Avoided redundant navigation to current location: "/rush".
JavaScript error: https://www.chess.com/bundles/app/js/puzzles.client.45ad492c.js, line 2: NavigationDuplicated: Avoided redundant navigation to current location: "/battle/xThGYCiz".
1621343639112	Marionette	INFO	Stopped listening on port 63063

###!!! [Child][RunMessage] Error: Channel closing: too late to send/recv, messages will be lost

1621343967776	geckodriver	INFO	Listening on 127.0.0.1:63728
1621343970859	mozrunner::runner	INFO	Running command: "C:\\Program Files\\Mozilla Firefox\\firefox.exe" "--marionette" "-foreground" "-no-remote" "-profile" "C:\\Users\\cleme\\AppData\\Local\\Temp\\rust_mozprofiley9sUou"
1621343971238	Marionette	INFO	Marionette enabled
console.warn: SearchSettings: "get: No settings file exists, new profile?" (new Error("", "(unknown module)"))
1621343973947	Marionette	INFO	Listening on port 63738
1621343974018	Marionette	WARN	TLS certificate errors will be ignored for this session
JavaScript error: https://www.chess.com/bundles/app/js/puzzles.client.45ad492c.js, line 2: NavigationDuplicated: Avoided redundant navigation to current location: "/rush".
1621344007031	Marionette	INFO	Stopped listening on port 63738

###!!! [Child][RunMessage] Error: Channel closing: too late to send/recv, messages will be lost

1621344032176	geckodriver	INFO	Listening on 127.0.0.1:63905
1621344035225	mozrunner::runner	INFO	Running command: "C:\\Program Files\\Mozilla Firefox\\firefox.exe" "--marionette" "-foreground" "-no-remote" "-profile" "C:\\Users\\cleme\\AppData\\Local\\Temp\\rust_mozprofileh6f9cZ"
1621344035592	Marionette	INFO	Marionette enabled
console.warn: SearchSettings: "get: No settings file exists, new profile?" (new Error("", "(unknown module)"))
1621344038109	Marionette	INFO	Listening on port 63914
1621344038394	Marionette	WARN	TLS certificate errors will be ignored for this session
JavaScript error: https://www.chess.com/bundles/app/js/puzzles.client.45ad492c.js, line 2: NavigationDuplicated: Avoided redundant navigation to current location: "/rush".
1621344072725	Marionette	INFO	Stopped listening on port 63914

###!!! [Child][RunMessage] Error: Channel closing: too late to send/recv, messages will be lost

1621344092274	geckodriver	INFO	Listening on 127.0.0.1:64070
1621344095338	mozrunner::runner	INFO	Running command: "C:\\Program Files\\Mozilla Firefox\\firefox.exe" "--marionette" "-foreground" "-no-remote" "-profile" "C:\\Users\\cleme\\AppData\\Local\\Temp\\rust_mozprofileETfFpE"
1621344095707	Marionette	INFO	Marionette enabled
console.warn: SearchSettings: "get: No settings file exists, new profile?" (new Error("", "(unknown module)"))
1621344098124	Marionette	INFO	Listening on port 64079
1621344098510	Marionette	WARN	TLS certificate errors will be ignored for this session
JavaScript error: https://www.chess.com/bundles/app/js/puzzles.client.45ad492c.js, line 2: NavigationDuplicated: Avoided redundant navigation to current location: "/rush".
1621344136755	Marionette	INFO	Stopped listening on port 64079

###!!! [Child][RunMessage] Error: Channel closing: too late to send/recv, messages will be lost

1621344595304	geckodriver	INFO	Listening on 127.0.0.1:64683
1621344598377	mozrunner::runner	INFO	Running command: "C:\\Program Files\\Mozilla Firefox\\firefox.exe" "--marionette" "-foreground" "-no-remote" "-profile" "C:\\Users\\cleme\\AppData\\Local\\Temp\\rust_mozprofileTogzLT"
1621344598742	Marionette	INFO	Marionette enabled
console.warn: SearchSettings: "get: No settings file exists, new profile?" (new Error("", "(unknown module)"))
1621344601251	Marionette	INFO	Listening on port 64692
1621344601546	Marionette	WARN	TLS certificate errors will be ignored for this session
JavaScript error: https://www.chess.com/bundles/app/js/puzzles.client.45ad492c.js, line 2: NavigationDuplicated: Avoided redundant navigation to current location: "/rush".
1621345518332	Marionette	INFO	Stopped listening on port 64692

###!!! [Child][RunMessage] Error: Channel closing: too late to send/recv, messages will be lost

"--marionette" "-foreground" "-no-remote" "-profile" "C:\\Users\\cleme\\AppData\\Local\\Temp\\rust_mozprofileusbEiQ"
1621345448060	Marionette	INFO	Marionette enabled
console.warn: SearchSettings: "get: No settings file exists, new profile?" (new Error("", "(unknown module)"))
1621345450740	Marionette	INFO	Listening on port 49446
1621345450895	Marionette	WARN	TLS certificate errors will be ignored for this session
JavaScript error: https://www.chess.com/bundles/app/js/puzzles.client.45ad492c.js, line 2: NavigationDuplicated: Avoided redundant navigation to current location: "/rush".
1621346062237	Marionette	INFO	Stopped listening on port 49446

###!!! [Child][RunMessage] Error: Channel closing: too late to send/recv, messages will be lost

"--marionette" "-foreground" "-no-remote" "-profile" "C:\\Users\\cleme\\AppData\\Local\\Temp\\rust_mozprofileQegC9Q"
1621346026928	Marionette	INFO	Marionette enabled
console.warn: SearchSettings: "get: No settings file exists, new profile?" (new Error("", "(unknown module)"))
1621346029413	Marionette	INFO	Listening on port 50465
1621346029751	Marionette	WARN	TLS certificate errors will be ignored for this session
JavaScript error: resource://gre/actors/PictureInPictureChild.jsm, line 315: InvalidStateError: JSWindowActorChild.contentWindow getter: Cannot access property 'contentWindow' after actor 'PictureInPictureToggle' has been destroyed
JavaScript error: resource://gre/actors/PictureInPictureChild.jsm, line 315: InvalidStateError: JSWindowActorChild.contentWindow getter: Cannot access property 'contentWindow' after actor 'PictureInPictureToggle' has been destroyed
JavaScript error: resource://gre/actors/PictureInPictureChild.jsm, line 315: InvalidStateError: JSWindowActorChild.contentWindow getter: Cannot access property 'contentWindow' after actor 'PictureInPictureToggle' has been destroyed
JavaScript error: resource://gre/actors/PictureInPictureChild.jsm, line 315: InvalidStateError: JSWindowActorChild.contentWindow getter: Cannot access property 'contentWindow' after actor 'PictureInPictureToggle' has been destroyed
JavaScript error: resource://gre/actors/PictureInPictureChild.jsm, line 315: InvalidStateError: JSWindowActorChild.contentWindow getter: Cannot access property 'contentWindow' after actor 'PictureInPictureToggle' has been destroyed
JavaScript error: resource://gre/actors/PictureInPictureChild.jsm, line 315: InvalidStateError: JSWindowActorChild.contentWindow getter: Cannot access property 'contentWindow' after actor 'PictureInPictureToggle' has been destroyed
JavaScript error: https://www.chess.com/bundles/app/js/puzzles.client.45ad492c.js, line 2: NavigationDuplicated: Avoided redundant navigation to current location: "/rush".
JavaScript error: resource://gre/actors/PictureInPictureChild.jsm, line 315: InvalidStateError: JSWindowActorChild.contentWindow getter: Cannot access property 'contentWindow' after actor 'PictureInPictureToggle' has been destroyed
JavaScript error: resource://gre/actors/PictureInPictureChild.jsm, line 315: InvalidStateError: JSWindowActorChild.contentWindow getter: Cannot access property 'contentWindow' after actor 'PictureInPictureToggle' has been destroyed
JavaScript error: resource://gre/actors/PictureInPictureChild.jsm, line 315: InvalidStateError: JSWindowActorChild.contentWindow getter: Cannot access property 'contentWindow' after actor 'PictureInPictureToggle' has been destroyed
JavaScript error: resource://gre/actors/PictureInPictureChild.jsm, line 315: InvalidStateError: JSWindowActorChild.contentWindow getter: Cannot access property 'contentWindow' after actor 'PictureInPictureToggle' has been destroyed
JavaScript error: resource://gre/actors/PictureInPictureChild.jsm, line 315: InvalidStateError: JSWindowActorChild.contentWindow getter: Cannot access property 'contentWindow' after actor 'PictureInPictureToggle' has been destroyed
JavaScript error: resource://gre/actors/PictureInPictureChild.jsm, line 315: InvalidStateError: JSWindowActorChild.contentWindow getter: Cannot access property 'contentWindow' after actor 'PictureInPictureToggle' has been destroyed
1621346101423	Marionette	INFO	Stopped listening on port 50465

###!!! [Child][RunMessage] Error: Channel closing: too late to send/recv, messages will be lost

1621346103915	geckodriver	INFO	Listening on 127.0.0.1:50654
1621346106989	mozrunner::runner	INFO	Running command: "C:\\Program Files\\Mozilla Firefox\\firefox.exe" "--marionette" "-foreground" "-no-remote" "-profile" "C:\\Users\\cleme\\AppData\\Local\\Temp\\rust_mozprofile4MwP5V"
1621346107359	Marionette	INFO	Marionette enabled
console.warn: SearchSettings: "get: No settings file exists, new profile?" (new Error("", "(unknown module)"))
1621346109894	Marionette	INFO	Listening on port 50663
1621346110177	Marionette	WARN	TLS certificate errors will be ignored for this session
JavaScript error: https://www.chess.com/bundles/app/js/puzzles.client.45ad492c.js, line 2: NavigationDuplicated: Avoided redundant navigation to current location: "/rush".
1621346163510	Marionette	INFO	Stopped listening on port 50663

###!!! [Child][RunMessage] Error: Channel closing: too late to send/recv, messages will be lost

1621346166370	geckodriver	INFO	Listening on 127.0.0.1:50823
1621346169401	mozrunner::runner	INFO	Running command: "C:\\Program Files\\Mozilla Firefox\\firefox.exe" "--marionette" "-foreground" "-no-remote" "-profile" "C:\\Users\\cleme\\AppData\\Local\\Temp\\rust_mozprofilekt4tW2"
1621346169787	Marionette	INFO	Marionette enabled
console.warn: SearchSettings: "get: No settings file exists, new profile?" (new Error("", "(unknown module)"))
1621346172256	Marionette	INFO	Listening on port 50833
1621346172565	Marionette	WARN	TLS certificate errors will be ignored for this session
JavaScript error: https://www.chess.com/bundles/app/js/puzzles.client.45ad492c.js, line 2: NavigationDuplicated: Avoided redundant navigation to current location: "/rush".
1621346305607	Marionette	INFO	Stopped listening on port 50833

###!!! [Child][RunMessage] Error: Channel closing: too late to send/recv, messages will be lost

1621346310292	geckodriver	INFO	Listening on 127.0.0.1:51053
1621346313341	mozrunner::runner	INFO	Running command: "C:\\Program Files\\Mozilla Firefox\\firefox.exe" "--marionette" "-foreground" "-no-remote" "-profile" "C:\\Users\\cleme\\AppData\\Local\\Temp\\rust_mozprofileFH7tyF"
1621346313743	Marionette	INFO	Marionette enabled
console.warn: SearchSettings: "get: No settings file exists, new profile?" (new Error("", "(unknown module)"))
1621346316148	Marionette	INFO	Listening on port 51061
1621346316522	Marionette	WARN	TLS certificate errors will be ignored for this session
JavaScript error: https://www.chess.com/bundles/app/js/puzzles.client.45ad492c.js, line 2: NavigationDuplicated: Avoided redundant navigation to current location: "/rush".
1621346746154	Marionette	INFO	Stopped listening on port 51061

###!!! [Child][RunMessage] Error: Channel closing: too late to send/recv, messages will be lost

"--marionette" "-foreground" "-no-remote" "-profile" "C:\\Users\\cleme\\AppData\\Local\\Temp\\rust_mozprofileRmgAoa"
1621346438500	Marionette	INFO	Marionette enabled
console.warn: SearchSettings: "get: No settings file exists, new profile?" (new Error("", "(unknown module)"))
1621346441247	Marionette	INFO	Listening on port 51289
1621346441299	Marionette	WARN	TLS certificate errors will be ignored for this session
JavaScript error: https://www.chess.com/bundles/app/js/puzzles.client.45ad492c.js, line 2: NavigationDuplicated: Avoided redundant navigation to current location: "/rush".
1621347000306	Marionette	INFO	Stopped listening on port 51289

###!!! [Child][RunMessage] Error: Channel closing: too late to send/recv, messages will be lost

1621347005313	geckodriver	INFO	Listening on 127.0.0.1:51885
1621347008374	mozrunner::runner	INFO	Running command: "C:\\Program Files\\Mozilla Firefox\\firefox.exe" "--marionette" "-foreground" "-no-remote" "-profile" "C:\\Users\\cleme\\AppData\\Local\\Temp\\rust_mozprofileYziWWW"
1621347008751	Marionette	INFO	Marionette enabled
console.warn: SearchSettings: "get: No settings file exists, new profile?" (new Error("", "(unknown module)"))
1621347011055	Marionette	INFO	Listening on port 51893
1621347011558	Marionette	WARN	TLS certificate errors will be ignored for this session
1621347249149	Marionette	INFO	Stopped listening on port 51893

###!!! [Child][RunMessage] Error: Channel closing: too late to send/recv, messages will be lost

"--marionette" "-foreground" "-no-remote" "-profile" "C:\\Users\\cleme\\AppData\\Local\\Temp\\rust_mozprofilenzsRVB"
1621347102337	Marionette	INFO	Marionette enabled
console.warn: SearchSettings: "get: No settings file exists, new profile?" (new Error("", "(unknown module)"))
1621347105062	Marionette	INFO	Listening on port 52118
1621347105155	Marionette	WARN	TLS certificate errors will be ignored for this session
JavaScript warning: https://www.chess.com/bundles/app/js/security.client.9bb899d9.js, line 2: WebGL context was lost.
JavaScript warning: https://www.chess.com/bundles/app/js/security.client.9bb899d9.js, line 2: WebGL context was lost.
JavaScript warning: https://www.chess.com/bundles/app/js/security.client.9bb899d9.js, line 2: WebGL context was lost.
JavaScript warning: https://www.chess.com/bundles/app/js/security.client.9bb899d9.js, line 2: WebGL context was lost.
JavaScript error: resource://gre/modules/media/PeerConnection.jsm, line 510: NS_ERROR_FAILURE: 
[Child 2540, IPC I/O Child] WARNING: pipe error: 232: file /builds/worker/checkouts/gecko/ipc/chromium/src/chrome/common/ipc_channel_win.cc:544

###!!! [Child][RunMessage] Error: Channel closing: too late to send/recv, messages will be lost

1621347260804	Marionette	INFO	Stopped listening on port 52118

###!!! [Child][RunMessage] Error: Channel closing: too late to send/recv, messages will be lost

 Error("", "(unknown module)"))
1621347218476	Marionette	INFO	Listening on port 52416
1621347218826	Marionette	WARN	TLS certificate errors will be ignored for this session
1621347246384	Marionette	INFO	Stopped listening on port 52416

###!!! [Child][RunMessage] Error: Channel closing: too late to send/recv, messages will be lost

1621347265031	geckodriver	INFO	Listening on 127.0.0.1:52555
1621347268085	mozrunner::runner	INFO	Running command: "C:\\Program Files\\Mozilla Firefox\\firefox.exe" "--marionette" "-foreground" "-no-remote" "-profile" "C:\\Users\\cleme\\AppData\\Local\\Temp\\rust_mozprofileMu6xg3"
1621347268469	Marionette	INFO	Marionette enabled
console.warn: SearchSettings: "get: No settings file exists, new profile?" (new Error("", "(unknown module)"))
1621347270927	Marionette	INFO	Listening on port 52564
1621347271243	Marionette	WARN	TLS certificate errors will be ignored for this session
1621347324148	Marionette	INFO	Stopped listening on port 52564

###!!! [Child][RunMessage] Error: Channel closing: too late to send/recv, messages will be lost

1621347326849	geckodriver	INFO	Listening on 127.0.0.1:52756
1621347329887	mozrunner::runner	INFO	Running command: "C:\\Program Files\\Mozilla Firefox\\firefox.exe" "--marionette" "-foreground" "-no-remote" "-profile" "C:\\Users\\cleme\\AppData\\Local\\Temp\\rust_mozprofiles9XbjJ"
1621347330259	Marionette	INFO	Marionette enabled
console.warn: SearchSettings: "get: No settings file exists, new profile?" (new Error("", "(unknown module)"))
1621347332747	Marionette	INFO	Listening on port 52765
1621347333060	Marionette	WARN	TLS certificate errors will be ignored for this session
1621347376593	Marionette	INFO	Stopped listening on port 52765
1621347380670	geckodriver	INFO	Listening on 127.0.0.1:52994
1621347383749	mozrunner::runner	INFO	Running command: "C:\\Program Files\\Mozilla Firefox\\firefox.exe" "--marionette" "-foreground" "-no-remote" "-profile" "C:\\Users\\cleme\\AppData\\Local\\Temp\\rust_mozprofile3Ugu5l"
1621347384118	Marionette	INFO	Marionette enabled
console.warn: SearchSettings: "get: No settings file exists, new profile?" (new Error("", "(unknown module)"))
1621347386443	Marionette	INFO	Listening on port 53002
1621347386924	Marionette	WARN	TLS certificate errors will be ignored for this session
1621347524548	Marionette	INFO	Stopped listening on port 53002

###!!! [Child][RunMessage] Error: Channel closing: too late to send/recv, messages will be lost

1621347566748	geckodriver	INFO	Listening on 127.0.0.1:53310
1621347569847	mozrunner::runner	INFO	Running command: "C:\\Program Files\\Mozilla Firefox\\firefox.exe" "--marionette" "-foreground" "-no-remote" "-profile" "C:\\Users\\cleme\\AppData\\Local\\Temp\\rust_mozprofileVRcUVI"
1621347570231	Marionette	INFO	Marionette enabled
console.warn: SearchSettings: "get: No settings file exists, new profile?" (new Error("", "(unknown module)"))
1621347572610	Marionette	INFO	Listening on port 53323
1621347573028	Marionette	WARN	TLS certificate errors will be ignored for this session
1621348363171	Marionette	INFO	Stopped listening on port 53323

###!!! [Child][RunMessage] Error: Channel closing: too late to send/recv, messages will be lost

1621348453913	geckodriver	INFO	Listening on 127.0.0.1:53829
1621348457020	mozrunner::runner	INFO	Running command: "C:\\Program Files\\Mozilla Firefox\\firefox.exe" "--marionette" "-foreground" "-no-remote" "-profile" "C:\\Users\\cleme\\AppData\\Local\\Temp\\rust_mozprofile43a72Z"
1621348457412	Marionette	INFO	Marionette enabled
console.warn: SearchSettings: "get: No settings file exists, new profile?" (new Error("", "(unknown module)"))
1621348459978	Marionette	INFO	Listening on port 53837
1621348460195	Marionette	WARN	TLS certificate errors will be ignored for this session
1621348514932	Marionette	INFO	Stopped listening on port 53837

###!!! [Child][RunMessage] Error: Channel closing: too late to send/recv, messages will be lost

1621348520622	geckodriver	INFO	Listening on 127.0.0.1:53991
1621348523662	mozrunner::runner	INFO	Running command: "C:\\Program Files\\Mozilla Firefox\\firefox.exe" "--marionette" "-foreground" "-no-remote" "-profile" "C:\\Users\\cleme\\AppData\\Local\\Temp\\rust_mozprofileBFSdnS"
1621348524059	Marionette	INFO	Marionette enabled
console.warn: SearchSettings: "get: No settings file exists, new profile?" (new Error("", "(unknown module)"))
1621348526566	Marionette	INFO	Listening on port 54001
1621348526835	Marionette	WARN	TLS certificate errors will be ignored for this session
1621348579318	Marionette	INFO	Stopped listening on port 54001

###!!! [Child][RunMessage] Error: Channel closing: too late to send/recv, messages will be lost

1621348582064	geckodriver	INFO	Listening on 127.0.0.1:54204
1621348585128	mozrunner::runner	INFO	Running command: "C:\\Program Files\\Mozilla Firefox\\firefox.exe" "--marionette" "-foreground" "-no-remote" "-profile" "C:\\Users\\cleme\\AppData\\Local\\Temp\\rust_mozprofilej8A8EE"
1621348585490	Marionette	INFO	Marionette enabled
console.warn: SearchSettings: "get: No settings file exists, new profile?" (new Error("", "(unknown module)"))
1621348587833	Marionette	INFO	Listening on port 54213
1621348588318	Marionette	WARN	TLS certificate errors will be ignored for this session
1621348803742	Marionette	INFO	Stopped listening on port 54213

###!!! [Child][RunMessage] Error: Channel closing: too late to send/recv, messages will be lost

"--marionette" "-foreground" "-no-remote" "-profile" "C:\\Users\\cleme\\AppData\\Local\\Temp\\rust_mozprofileQCOA7O"
1621348723924	Marionette	INFO	Marionette enabled
console.warn: SearchSettings: "get: No settings file exists, new profile?" (new Error("", "(unknown module)"))
1621348726436	Marionette	INFO	Listening on port 54476
1621348726695	Marionette	WARN	TLS certificate errors will be ignored for this session
1621348802433	Marionette	INFO	Stopped listening on port 54476

###!!! [Child][RunMessage] Error: Channel closing: too late to send/recv, messages will be lost

1621348807729	geckodriver	INFO	Listening on 127.0.0.1:54679
1621348810818	mozrunner::runner	INFO	Running command: "C:\\Program Files\\Mozilla Firefox\\firefox.exe" "--marionette" "-foreground" "-no-remote" "-profile" "C:\\Users\\cleme\\AppData\\Local\\Temp\\rust_mozprofileIWhMqh"
1621348811195	Marionette	INFO	Marionette enabled
console.warn: SearchSettings: "get: No settings file exists, new profile?" (new Error("", "(unknown module)"))
1621348813752	Marionette	INFO	Listening on port 54688
1621348814006	Marionette	WARN	TLS certificate errors will be ignored for this session
1621348900787	Marionette	INFO	Stopped listening on port 54688

###!!! [Child][RunMessage] Error: Channel closing: too late to send/recv, messages will be lost

1621348906205	geckodriver	INFO	Listening on 127.0.0.1:54937
1621348909276	mozrunner::runner	INFO	Running command: "C:\\Program Files\\Mozilla Firefox\\firefox.exe" "--marionette" "-foreground" "-no-remote" "-profile" "C:\\Users\\cleme\\AppData\\Local\\Temp\\rust_mozprofileV0bQUm"
1621348909650	Marionette	INFO	Marionette enabled
console.warn: SearchSettings: "get: No settings file exists, new profile?" (new Error("", "(unknown module)"))
1621348911982	Marionette	INFO	Listening on port 54947
1621348912445	Marionette	WARN	TLS certificate errors will be ignored for this session
console.warn: "Async method failed in safeAsyncMethod" (new Error("Connection closed, pending request to server0.conn0.child4/domwalker25, type cancelPick failed\n\nRequest stack:\nrequest@resource://devtools/shared/protocol/Front.js:285:14\ngenerateRequestMethods/</frontProto[name]@resource://devtools/shared/protocol/Front/FrontClassWithSpec.js:46:19\ncancelPick@resource://devtools/client/fronts/walker.js:546:18\nexports.safeAsyncMethod/<@resource://devtools/shared/async-utils.js:57:25\n_onInspectorFrontDestroyed@resource://devtools/client/inspector/node-picker.js:113:18\nstop@resource://devtools/client/inspector/node-picker.js:176:18\n_destroyToolbox@resource://devtools/client/framework/toolbox.js:3735:24\ndestroy@resource://devtools/client/framework/toolbox.js:3669:10\ncloseToolboxForTab@resource://devtools/client/framework/devtools.js:702:19\n", "resource://devtools/shared/protocol/Front.js", 99))
console.warn: "IGNORED REDUX ACTION:" "AUTOCOMPLETE_CLEAR"
1621349382735	Marionette	INFO	Stopped listening on port 54947

###!!! [Child][RunMessage] Error: Channel closing: too late to send/recv, messages will be lost

1621349386619	geckodriver	INFO	Listening on 127.0.0.1:55301
1621349389680	mozrunner::runner	INFO	Running command: "C:\\Program Files\\Mozilla Firefox\\firefox.exe" "--marionette" "-foreground" "-no-remote" "-profile" "C:\\Users\\cleme\\AppData\\Local\\Temp\\rust_mozprofileYb0y52"
1621349390061	Marionette	INFO	Marionette enabled
console.warn: SearchSettings: "get: No settings file exists, new profile?" (new Error("", "(unknown module)"))
1621349392381	Marionette	INFO	Listening on port 55310
1621349392857	Marionette	WARN	TLS certificate errors will be ignored for this session
1621349480280	Marionette	INFO	Stopped listening on port 55310

###!!! [Child][RunMessage] Error: Channel closing: too late to send/recv, messages will be lost

1621356573703	geckodriver	INFO	Listening on 127.0.0.1:49720
1621356576767	mozrunner::runner	INFO	Running command: "C:\\Program Files\\Mozilla Firefox\\firefox.exe" "--marionette" "-foreground" "-no-remote" "-profile" "C:\\Users\\cleme\\AppData\\Local\\Temp\\rust_mozprofileeStqkp"
1621356577142	Marionette	INFO	Marionette enabled
console.warn: SearchSettings: "get: No settings file exists, new profile?" (new Error("", "(unknown module)"))
console.error: Region.jsm: "Error fetching region" (new TypeError("NetworkError when attempting to fetch resource.", ""))
console.error: Region.jsm: "Failed to fetch region" (new Error("NO_RESULT", "resource://gre/modules/Region.jsm", 419))
1621356579627	Marionette	INFO	Listening on port 49728
1621356579969	Marionette	WARN	TLS certificate errors will be ignored for this session
1621356586373	Marionette	INFO	Stopped listening on port 49728

###!!! [Child][RunMessage] Error: Channel closing: too late to send/recv, messages will be lost

1621356707821	geckodriver	INFO	Listening on 127.0.0.1:49845
1621356710897	mozrunner::runner	INFO	Running command: "C:\\Program Files\\Mozilla Firefox\\firefox.exe" "--marionette" "-foreground" "-no-remote" "-profile" "C:\\Users\\cleme\\AppData\\Local\\Temp\\rust_mozprofileYsAVj8"
1621356711274	Marionette	INFO	Marionette enabled
console.warn: SearchSettings: "get: No settings file exists, new profile?" (new Error("", "(unknown module)"))
1621356713808	Marionette	INFO	Listening on port 49855
1621356714086	Marionette	WARN	TLS certificate errors will be ignored for this session
console.error: Region.jsm: "Error fetching region" (new Error("TIMEOUT", "resource://gre/modules/Region.jsm", 772))
console.error: Region.jsm: "Failed to fetch region" (new Error("TIMEOUT", "resource://gre/modules/Region.jsm", 419))
JavaScript error: https://www.chess.com/bundles/app/js/puzzles.client.45ad492c.js, line 2: NavigationDuplicated: Avoided redundant navigation to current location: "/rush".
